  main.cpp
  container_base.vcxproj -> E:\GitHub\container_base\Debug\container_base.exe
E:\GitHub\container_base\iterator_base.h(40): warning C26432: If you define or delete any default operation in the type 'class pel::iterator_base<int>', define or delete them all (c.21).
E:\GitHub\container_base\testContainer.hpp(68): warning C26493: Don't use C-style casts (type.4).
E:\GitHub\container_base\testContainer.hpp(62): warning C26493: Don't use C-style casts (type.4).
E:\GitHub\container_base\testContainer.hpp(33): warning C26493: Don't use C-style casts (type.4).
E:\GitHub\container_base\testContainer.hpp(27): warning C26493: Don't use C-style casts (type.4).
E:\GitHub\container_base\testContainer.hpp(19): warning C26443: Overriding destructor should not use explicit 'override' or 'virtual' specifiers (c.128).
E:\GitHub\container_base\testContainer.hpp(19): warning C26432: If you define or delete any default operation in the type 'class pel::testContainer<int>', define or delete them all (c.21).
E:\GitHub\container_base\testContainer.hpp(17): warning C26455: Default constructor may not throw. Declare it 'noexcept' (f.6).
E:\GitHub\container_base\iterator_base.h(42): warning C26440: Function 'pel::iterator_base<int>::iterator_base<int>' can be declared 'noexcept' (f.6).
E:\GitHub\container_base\container_base.h(23): warning C26432: If you define or delete any default operation in the type 'class pel::container_base<int>', define or delete them all (c.21).
E:\GitHub\container_base\container_base.h(23): warning C26436: The type 'class pel::container_base<int>' with a virtual function needs either public virtual or protected non-virtual destructor (c.35).
E:\GitHub\container_base\iterator_base.h(164): warning C26493: Don't use C-style casts (type.4).
E:\GitHub\container_base\iterator_base.h(164): warning C26481: Don't use pointer arithmetic. Use span instead (bounds.1).
E:\GitHub\container_base\iterator_base.h(180): warning C26486: Don't pass a pointer that may be invalid to a function. Parameter 0 'temp' in call to 'pel::iterator_base<int>::iterator_base<int>' may be invalid (lifetime.3).
E:\GitHub\container_base\iterator_base.h(178): warning C26487: Don't return a pointer '(*this)' that may be invalid (lifetime.4).
E:\GitHub\container_base\iterator_base.h(176): warning C26440: Function 'pel::iterator_base<int>::operator++' can be declared 'noexcept' (f.6).
E:\GitHub\container_base\iterator_base.h(179): warning C26481: Don't use pointer arithmetic. Use span instead (bounds.1).
E:\GitHub\container_base\iterator_base.h(169): warning C26487: Don't return a pointer '(*this)' that may be invalid (lifetime.4).
E:\GitHub\container_base\iterator_base.h(169): warning C26440: Function 'pel::iterator_base<int>::operator++' can be declared 'noexcept' (f.6).
E:\GitHub\container_base\iterator_base.h(171): warning C26481: Don't use pointer arithmetic. Use span instead (bounds.1).
E:\GitHub\container_base\iterator_base.h(185): warning C26487: Don't return a pointer '(*this)' that may be invalid (lifetime.4).
E:\GitHub\container_base\iterator_base.h(185): warning C26440: Function 'pel::iterator_base<int>::operator+=' can be declared 'noexcept' (f.6).
E:\GitHub\container_base\iterator_base.h(187): warning C26481: Don't use pointer arithmetic. Use span instead (bounds.1).
E:\GitHub\container_base\iterator_base.h(195): warning C26493: Don't use C-style casts (type.4).
E:\GitHub\container_base\iterator_base.h(195): warning C26481: Don't use pointer arithmetic. Use span instead (bounds.1).
E:\GitHub\container_base\iterator_base.h(211): warning C26486: Don't pass a pointer that may be invalid to a function. Parameter 0 'temp' in call to 'pel::iterator_base<int>::iterator_base<int>' may be invalid (lifetime.3).
E:\GitHub\container_base\iterator_base.h(209): warning C26487: Don't return a pointer '(*this)' that may be invalid (lifetime.4).
E:\GitHub\container_base\iterator_base.h(207): warning C26440: Function 'pel::iterator_base<int>::operator--' can be declared 'noexcept' (f.6).
E:\GitHub\container_base\iterator_base.h(210): warning C26481: Don't use pointer arithmetic. Use span instead (bounds.1).
E:\GitHub\container_base\iterator_base.h(200): warning C26487: Don't return a pointer '(*this)' that may be invalid (lifetime.4).
E:\GitHub\container_base\iterator_base.h(200): warning C26440: Function 'pel::iterator_base<int>::operator--' can be declared 'noexcept' (f.6).
E:\GitHub\container_base\iterator_base.h(202): warning C26481: Don't use pointer arithmetic. Use span instead (bounds.1).
E:\GitHub\container_base\iterator_base.h(215): warning C26487: Don't return a pointer '(*this)' that may be invalid (lifetime.4).
E:\GitHub\container_base\iterator_base.h(215): warning C26440: Function 'pel::iterator_base<int>::operator-=' can be declared 'noexcept' (f.6).
E:\GitHub\container_base\iterator_base.h(217): warning C26481: Don't use pointer arithmetic. Use span instead (bounds.1).
